Added Component: Designator=J4(SIP10)
Added Component: Designator=P5(HDR2X5)
Add component (AddParameter): Name = "LatestRevisionDate"; Value = "17-Jul-2002"; VariantName = "[No Variations]"
Add component (AddParameter): Name = "LatestRevisionNote"; Value = "Re-released for DXP Platform."; VariantName = "[No Variations]"
Add component (AddParameter): Name = "Publisher"; Value = "Altium Limited"; VariantName = "[No Variations]"
Added Pin To Net: NetName=3.3V Pin=J4-1
Added Pin To Net: NetName=GND Pin=J4-2
Added Pin To Net: NetName=SCK Pin=J4-3
Added Pin To Net: NetName=MOSI Pin=J4-4
Added Pin To Net: NetName=MISO Pin=J4-7
Added Pin To Net: NetName=Vin Pin=P5-1
Added Pin To Net: NetName=GND Pin=P5-2
Added Pin To Net: NetName=Vin Pin=P5-3
Added Pin To Net: NetName=GND Pin=P5-4
Added Pin To Net: NetName=Vin Pin=P5-5
Added Pin To Net: NetName=GND Pin=P5-6
Added Pin To Net: NetName=Vin Pin=P5-7
Added Pin To Net: NetName=GND Pin=P5-8
Added Pin To Net: NetName=Vin Pin=P5-9
Added Pin To Net: NetName=GND Pin=P5-10
Added Member To Class: ClassName=MainBoard Member=Component J4 MPU1
Added Member To Class: ClassName=MainBoard Member=Component P5 Header 5X2
Added Room: Name=MainBoard
