Added Component: Designator=J4(SIP10)
Added Component: Designator=P6(HDR2X4)
Add component (AddParameter): Name = "LatestRevisionDate"; Value = "17-Jul-2002"; VariantName = "[No Variations]"
Add component (AddParameter): Name = "LatestRevisionNote"; Value = "Re-released for DXP Platform."; VariantName = "[No Variations]"
Add component (AddParameter): Name = "Publisher"; Value = "Altium Limited"; VariantName = "[No Variations]"
Added Component: Designator=P8(HDR1X2)
Add component (AddParameter): Name = "LatestRevisionDate"; Value = "17-Jul-2002"; VariantName = "[No Variations]"
Add component (AddParameter): Name = "LatestRevisionNote"; Value = "Re-released for DXP Platform."; VariantName = "[No Variations]"
Add component (AddParameter): Name = "Publisher"; Value = "Altium Limited"; VariantName = "[No Variations]"
Added Pin To Net: NetName=GND Pin=J4-2
Added Pin To Net: NetName=GND Pin=P6-1
Added Pin To Net: NetName=3.3V Pin=P6-2
Added Pin To Net: NetName=SCK Pin=P6-5
Added Pin To Net: NetName=MOSI Pin=P6-6
Added Pin To Net: NetName=MISO Pin=P6-7
Added Pin To Net: NetName=CE_PTA0 Pin=P1-20
Added Pin To Net: NetName=CE_PTA0 Pin=P6-3
Added Net: Name=CE_PTA0
Added Pin To Net: NetName=CNS_PTD0 Pin=P1-16
Added Pin To Net: NetName=CNS_PTD0 Pin=P6-4
Added Net: Name=CNS_PTD0
Added Pin To Net: NetName=NetP3_1 Pin=P3-1
Added Pin To Net: NetName=NetP3_1 Pin=P8-2
Added Net: Name=NetP3_1
Added Pin To Net: NetName=NetP3_3 Pin=P3-3
Added Pin To Net: NetName=NetP3_3 Pin=P8-1
Added Net: Name=NetP3_3
Added Member To Class: ClassName=MainBoard Member=Component J4 MPU1
Added Member To Class: ClassName=MainBoard Member=Component P6 NRF24L01
Added Member To Class: ClassName=MainBoard Member=Component P8 Ultrasonico
Added Room: Name=MainBoard
