Change Component Designator: OldDesignator=P? NewDesignator=P4
Added Component: Designator=J4(SIP10)
Added Component: Designator=P5(HDR1X5)
Add component (AddParameter): Name = "LatestRevisionDate"; Value = "17-Jul-2002"; VariantName = "[No Variations]"
Add component (AddParameter): Name = "LatestRevisionNote"; Value = "Re-released for DXP Platform."; VariantName = "[No Variations]"
Add component (AddParameter): Name = "Publisher"; Value = "Altium Limited"; VariantName = "[No Variations]"
Added Pin To Net: NetName=3.3V Pin=J4-1
Added Pin To Net: NetName=GND Pin=J4-2
Added Pin To Net: NetName=SCK Pin=J4-3
Added Pin To Net: NetName=MOSI Pin=J4-4
Added Pin To Net: NetName=MISO Pin=J4-7
Added Pin To Net: NetName=GND Pin=P1-8
Added Pin To Net: NetName=GND Pin=P1-17
Added Pin To Net: NetName=Vin Pin=P5-1
Added Pin To Net: NetName=Vin Pin=P5-2
Added Pin To Net: NetName=Vin Pin=P5-3
Added Pin To Net: NetName=Vin Pin=P5-4
Added Pin To Net: NetName=Vin Pin=P5-5
Change Net Name : Old Net Name=NetP?_1 New Net Name=NetP4_1
Change Net Name : Old Net Name=NetP?_3 New Net Name=NetP4_3
Change Net Name : Old Net Name=NetP?_5 New Net Name=NetP4_5
Change Net Name : Old Net Name=NetP?_7 New Net Name=NetP4_7
Change Net Name : Old Net Name=NetP?_9 New Net Name=NetP4_9
Change Net Name : Old Net Name=NetP?_11 New Net Name=NetP4_11
Added Member To Class: ClassName=MainBoard Member=Component J4 MPU1
Added Member To Class: ClassName=MainBoard Member=Component P5 Header 5
Added Room: Name=MainBoard
