Added Component: Designator=J4(SIP10)
Added Component: Designator=R7(RES400)
Added Component: Designator=S1(TACTSWITCH)
Added Pin To Net: NetName=GND Pin=J4-2
Added Pin To Net: NetName=GND Pin=S1-3
Added Pin To Net: NetName=GND Pin=S1-4
Change Net Name : Old Net Name=NetJ6_2 New Net Name=Net-_2
Change Net Name : Old Net Name=NetJ6_3 New Net Name=Net-_3
Change Net Name : Old Net Name=NetJ6_4 New Net Name=Net-_4
Change Net Name : Old Net Name=NetJ6_5 New Net Name=Net-_5
Added Pin To Net: NetName=RESET Pin=P2-7
Added Pin To Net: NetName=RESET Pin=R7-1
Added Pin To Net: NetName=RESET Pin=S1-1
Added Pin To Net: NetName=RESET Pin=S1-2
Added Net: Name=RESET
Added Member To Class: ClassName=MainBoard Member=Component G RX + Tx/Rx
Added Member To Class: ClassName=MainBoard Member=Component J4 MPU1
Added Member To Class: ClassName=MainBoard Member=Component R7 1k
Added Member To Class: ClassName=MainBoard Member=Component S1 TACT SWITCH
Added Room: Name=MainBoard
